Apr 14 18:10:41 2019 (67591) Master started
Apr 14 18:10:47 2019 (67593) bounces runner started.
Apr 14 18:10:48 2019 (67596) lmtp runner started.
Apr 14 18:10:48 2019 (67597) nntp runner started.
Apr 14 18:10:48 2019 (67592) archive runner started.
Apr 14 18:10:48 2019 (67595) in runner started.
Apr 14 18:10:49 2019 (67598) out runner started.
Apr 14 18:10:49 2019 (67600) rest runner started.
Apr 14 18:10:49 2019 (67603) digest runner started.
Apr 14 18:10:50 2019 (67601) retry runner started.
Apr 14 18:10:51 2019 (67599) pipeline runner started.
Apr 14 18:10:51 2019 (67594) command runner started.
Apr 14 18:10:51 2019 (67602) virgin runner started.
Apr 14 18:11:07 2019 (67592) archive runner caught SIGTERM.  Stopping.
Apr 14 18:11:07 2019 (67593) bounces runner caught SIGTERM.  Stopping.
Apr 14 18:11:07 2019 (67594) command runner caught SIGTERM.  Stopping.
Apr 14 18:11:07 2019 (67593) bounces runner exiting.
Apr 14 18:11:07 2019 (67595) in runner caught SIGTERM.  Stopping.
Apr 14 18:11:07 2019 (67594) command runner exiting.
Apr 14 18:11:07 2019 (67591) Master watcher caught SIGTERM.  Exiting.
Apr 14 18:11:07 2019 (67595) in runner exiting.
Apr 14 18:11:07 2019 (67596) lmtp runner caught SIGTERM.  Stopping.
Apr 14 18:11:07 2019 (67596) lmtp runner exiting.
Apr 14 18:11:07 2019 (67597) nntp runner caught SIGTERM.  Stopping.
Apr 14 18:11:07 2019 (67597) nntp runner exiting.
Apr 14 18:11:07 2019 (67599) pipeline runner caught SIGTERM.  Stopping.
Apr 14 18:11:07 2019 (67598) out runner caught SIGTERM.  Stopping.
Apr 14 18:11:07 2019 (67599) pipeline runner exiting.
Apr 14 18:11:07 2019 (67602) virgin runner caught SIGTERM.  Stopping.
Apr 14 18:11:07 2019 (67598) out runner exiting.
Apr 14 18:11:07 2019 (67601) retry runner caught SIGTERM.  Stopping.
Apr 14 18:11:07 2019 (67602) virgin runner exiting.
Apr 14 18:11:07 2019 (67601) retry runner exiting.
Apr 14 18:11:07 2019 (67600) rest runner caught SIGTERM.  Stopping.
Apr 14 18:11:07 2019 (67603) digest runner caught SIGTERM.  Stopping.
Apr 14 18:11:07 2019 (67603) digest runner exiting.
Apr 14 18:11:07 2019 (67592) archive runner exiting.
Apr 14 18:11:07 2019 (67600) rest runner exiting.
Apr 14 18:11:08 2019 (67591) Master stopped
